<?xml version="1.0" encoding="UTF-8"?>
<Site BuildName="(empty)"
	BuildStamp="20240806-1235-Experimental"
	Name="eren"
	Generator="ctest-3.16.3"
	CompilerName="/usr/bin/c++"
	CompilerVersion="9.4.0"
	OSName="Linux"
	Hostname="eren"
	OSRelease="5.15.0-117-generic"
	OSVersion="#127~20.04.1-Ubuntu SMP Thu Jul 11 15:36:12 UTC 2024"
	OSPlatform="x86_64"
	Is64Bits="1"
	VendorString="GenuineIntel"
	VendorID="Intel Corporation"
	FamilyID="6"
	ModelID="154"
	ProcessorCacheSize="24576"
	NumberOfLogicalCPU="20"
	NumberOfPhysicalCPU="14"
	TotalVirtualMemory="2047"
	TotalPhysicalMemory="15690"
	LogicalProcessorsPerPhysical="1"
	ProcessorClockFrequency="3016.19"
	>
	<Testing>
		<StartDateTime>Aug 06 13:35 WEST</StartDateTime>
		<StartTestTime>1722947720</StartTestTime>
		<TestList/>
		<EndDateTime>Aug 06 13:35 WEST</EndDateTime>
		<EndTestTime>1722947720</EndTestTime>
		<ElapsedMinutes>0</ElapsedMinutes>
	</Testing>
</Site>
