<?xml version="1.0" encoding="UTF-8"?>
<Site BuildName="(empty)"
	BuildStamp="20240805-1456-Experimental"
	Name="eren-Stealth-15M-B12UE"
	Generator="ctest-3.16.3"
	CompilerName="/usr/bin/c++"
	CompilerVersion="9.4.0"
	OSName="Linux"
	Hostname="eren-Stealth-15M-B12UE"
	OSRelease="5.15.0-117-generic"
	OSVersion="#127~20.04.1-Ubuntu SMP Thu Jul 11 15:36:12 UTC 2024"
	OSPlatform="x86_64"
	Is64Bits="1"
	VendorString="GenuineIntel"
	VendorID="Intel Corporation"
	FamilyID="6"
	ModelID="154"
	ProcessorCacheSize="24576"
	NumberOfLogicalCPU="20"
	NumberOfPhysicalCPU="14"
	TotalVirtualMemory="2047"
	TotalPhysicalMemory="15690"
	LogicalProcessorsPerPhysical="1"
	ProcessorClockFrequency="1842.07"
	>
	<Testing>
		<StartDateTime>Aug 05 15:57 WEST</StartDateTime>
		<StartTestTime>1722869873</StartTestTime>
		<TestList/>
		<EndDateTime>Aug 05 15:57 WEST</EndDateTime>
		<EndTestTime>1722869873</EndTestTime>
		<ElapsedMinutes>0</ElapsedMinutes>
	</Testing>
</Site>
